<?xml version="1.0" encoding="UTF-8"?>
<!-- Generated by org.testng.reporters.JUnitReportReporter -->
<testsuite hostname="DESKTOP-7I2BP0C" failures="0" tests="1" name="sel_java.MacroTest" time="0.004" errors="0" timestamp="2023-03-06T13:28:12 PST" skipped="0">
  <testcase classname="sel_java.MacroTest" name="f" time="0.004"/>
  <system-out/>
</testsuite> <!-- sel_java.MacroTest -->
